<?xml version="1.0" encoding="UTF-8"?>
<!-- Generated by org.testng.reporters.JUnitXMLReporter -->
<testsuite hostname="LAPTOP-NQDJFCIP" name="test" tests="2" failures="1" timestamp="5 Sep 2020 08:36:12 GMT" time="91.623" errors="0">
  <testcase name="main_method" time="88.766" classname="com.testautomation.TestRunner.TestRunnerUI">
    <failure type="java.lang.NullPointerException">
      <![CDATA[java.lang.NullPointerException
	at com.testautomation.WrapperComponent.WebDriverHelper.clickElement(WebDriverHelper.java:131)
	at com.testautomation.PageObjects.OrangeHRMPage.EditSkills(OrangeHRMPage.java:16)
	at com.testautomation.StepDef.OrangeHRMStepDef.edit_skills(OrangeHRMStepDef.java:10)
	at ✽.Edit skills(Features/UI/BAU_Regression/OrangeHRM.feature:8)
]]>
    </failure>
  </testcase> <!-- main_method -->
  <testcase name="main_method" time="91.07" classname="com.testautomation.TestRunner.TestRunnerUI"/>
</testsuite> <!-- test -->
