<?xml version="1.0" encoding="UTF-8"?>
<!-- Generated by org.testng.reporters.JUnitXMLReporter -->
<testsuite hostname="LAPTOP-NQDJFCIP" name="Test" tests="19" failures="18" timestamp="7 Jul 2020 15:34:30 GMT" time="12.149" errors="0">
  <testcase name="main_method" time="0.003" classname="com.testautomation.TestRunner.TestRunnerDesktop"/>
  <testcase name="main_method" time="1.136" classname="com.testautomation.TestRunner.TestRunnerDesktop">
    <failure type="java.lang.IllegalArgumentException" message="Not a file or directory: E:\MS\Automation Softwares\My Framework\BDD_Selenium_Framework\src\test\resources\Features\Desktop\Symbility">
      <![CDATA[java.lang.IllegalArgumentException: Not a file or directory: E:\MS\Automation Softwares\My Framework\BDD_Selenium_Framework\src\test\resources\Features\Desktop\Symbility
	at cucumber.runtime.io.FileResourceIterator$FileIterator.<init>(FileResourceIterator.java:63)
	at cucumber.runtime.io.FileResourceIterator.<init>(FileResourceIterator.java:28)
	at cucumber.runtime.io.FileResourceIterator.createFileResourceIterator(FileResourceIterator.java:14)
	at cucumber.runtime.io.FileResourceIterable.iterator(FileResourceIterable.java:19)
	at cucumber.runtime.model.FeatureLoader.loadFromFeaturePath(FeatureLoader.java:112)
	at cucumber.runtime.model.FeatureLoader.load(FeatureLoader.java:48)
	at cucumber.runtime.model.FeatureLoader.load(FeatureLoader.java:30)
	at cucumber.runtime.FeaturePathFeatureSupplier.get(FeaturePathFeatureSupplier.java:22)
	at cucumber.api.testng.TestNGCucumberRunner.getFeatures(TestNGCucumberRunner.java:107)
	at cucumber.api.testng.TestNGCucumberRunner.provideScenarios(TestNGCucumberRunner.java:88)
	at com.testautomation.reusableComponents.ReusableComponents.runScenario(ReusableComponents.java:147)
	at com.testautomation.TestRunner.TestRunnerDesktop.main_method(TestRunnerDesktop.java:171)
... Removed 24 stack frames]]>
    </failure>
  </testcase> <!-- main_method -->
  <testcase name="main_method" time="0.001" classname="com.testautomation.TestRunner.TestRunnerDesktop">
    <failure type="java.lang.NumberFormatException" message="For input string: &amp;quot;&amp;quot;">
      <![CDATA[java.lang.NumberFormatException: For input string: ""
	at java.lang.NumberFormatException.forInputString(Unknown Source)
	at java.lang.Integer.parseInt(Unknown Source)
	at java.lang.Integer.parseInt(Unknown Source)
	at com.testautomation.TestRunner.TestRunnerDesktop.main_method(TestRunnerDesktop.java:144)
... Removed 24 stack frames]]>
    </failure>
  </testcase> <!-- main_method -->
  <testcase name="main_method" time="0.0" classname="com.testautomation.TestRunner.TestRunnerDesktop">
    <failure type="java.lang.NumberFormatException" message="For input string: &amp;quot;&amp;quot;">
      <![CDATA[java.lang.NumberFormatException: For input string: ""
	at java.lang.NumberFormatException.forInputString(Unknown Source)
	at java.lang.Integer.parseInt(Unknown Source)
	at java.lang.Integer.parseInt(Unknown Source)
	at com.testautomation.TestRunner.TestRunnerDesktop.main_method(TestRunnerDesktop.java:144)
... Removed 24 stack frames]]>
    </failure>
  </testcase> <!-- main_method -->
  <testcase name="main_method" time="0.001" classname="com.testautomation.TestRunner.TestRunnerDesktop">
    <failure type="java.lang.NumberFormatException" message="For input string: &amp;quot;&amp;quot;">
      <![CDATA[java.lang.NumberFormatException: For input string: ""
	at java.lang.NumberFormatException.forInputString(Unknown Source)
	at java.lang.Integer.parseInt(Unknown Source)
	at java.lang.Integer.parseInt(Unknown Source)
	at com.testautomation.TestRunner.TestRunnerDesktop.main_method(TestRunnerDesktop.java:144)
... Removed 24 stack frames]]>
    </failure>
  </testcase> <!-- main_method -->
  <testcase name="main_method" time="0.001" classname="com.testautomation.TestRunner.TestRunnerDesktop">
    <failure type="java.lang.NumberFormatException" message="For input string: &amp;quot;&amp;quot;">
      <![CDATA[java.lang.NumberFormatException: For input string: ""
	at java.lang.NumberFormatException.forInputString(Unknown Source)
	at java.lang.Integer.parseInt(Unknown Source)
	at java.lang.Integer.parseInt(Unknown Source)
	at com.testautomation.TestRunner.TestRunnerDesktop.main_method(TestRunnerDesktop.java:144)
... Removed 24 stack frames]]>
    </failure>
  </testcase> <!-- main_method -->
  <testcase name="main_method" time="0.001" classname="com.testautomation.TestRunner.TestRunnerDesktop">
    <failure type="java.lang.NumberFormatException" message="For input string: &amp;quot;&amp;quot;">
      <![CDATA[java.lang.NumberFormatException: For input string: ""
	at java.lang.NumberFormatException.forInputString(Unknown Source)
	at java.lang.Integer.parseInt(Unknown Source)
	at java.lang.Integer.parseInt(Unknown Source)
	at com.testautomation.TestRunner.TestRunnerDesktop.main_method(TestRunnerDesktop.java:144)
... Removed 24 stack frames]]>
    </failure>
  </testcase> <!-- main_method -->
  <testcase name="main_method" time="0.001" classname="com.testautomation.TestRunner.TestRunnerDesktop">
    <failure type="java.lang.NumberFormatException" message="For input string: &amp;quot;&amp;quot;">
      <![CDATA[java.lang.NumberFormatException: For input string: ""
	at java.lang.NumberFormatException.forInputString(Unknown Source)
	at java.lang.Integer.parseInt(Unknown Source)
	at java.lang.Integer.parseInt(Unknown Source)
	at com.testautomation.TestRunner.TestRunnerDesktop.main_method(TestRunnerDesktop.java:144)
... Removed 24 stack frames]]>
    </failure>
  </testcase> <!-- main_method -->
  <testcase name="main_method" time="0.0" classname="com.testautomation.TestRunner.TestRunnerDesktop">
    <failure type="java.lang.NumberFormatException" message="For input string: &amp;quot;&amp;quot;">
      <![CDATA[java.lang.NumberFormatException: For input string: ""
	at java.lang.NumberFormatException.forInputString(Unknown Source)
	at java.lang.Integer.parseInt(Unknown Source)
	at java.lang.Integer.parseInt(Unknown Source)
	at com.testautomation.TestRunner.TestRunnerDesktop.main_method(TestRunnerDesktop.java:144)
... Removed 24 stack frames]]>
    </failure>
  </testcase> <!-- main_method -->
  <testcase name="main_method" time="0.001" classname="com.testautomation.TestRunner.TestRunnerDesktop">
    <failure type="java.lang.NumberFormatException" message="For input string: &amp;quot;&amp;quot;">
      <![CDATA[java.lang.NumberFormatException: For input string: ""
	at java.lang.NumberFormatException.forInputString(Unknown Source)
	at java.lang.Integer.parseInt(Unknown Source)
	at java.lang.Integer.parseInt(Unknown Source)
	at com.testautomation.TestRunner.TestRunnerDesktop.main_method(TestRunnerDesktop.java:144)
... Removed 24 stack frames]]>
    </failure>
  </testcase> <!-- main_method -->
  <testcase name="main_method" time="0.001" classname="com.testautomation.TestRunner.TestRunnerDesktop">
    <failure type="java.lang.NumberFormatException" message="For input string: &amp;quot;&amp;quot;">
      <![CDATA[java.lang.NumberFormatException: For input string: ""
	at java.lang.NumberFormatException.forInputString(Unknown Source)
	at java.lang.Integer.parseInt(Unknown Source)
	at java.lang.Integer.parseInt(Unknown Source)
	at com.testautomation.TestRunner.TestRunnerDesktop.main_method(TestRunnerDesktop.java:144)
... Removed 24 stack frames]]>
    </failure>
  </testcase> <!-- main_method -->
  <testcase name="main_method" time="0.0" classname="com.testautomation.TestRunner.TestRunnerDesktop">
    <failure type="java.lang.NumberFormatException" message="For input string: &amp;quot;&amp;quot;">
      <![CDATA[java.lang.NumberFormatException: For input string: ""
	at java.lang.NumberFormatException.forInputString(Unknown Source)
	at java.lang.Integer.parseInt(Unknown Source)
	at java.lang.Integer.parseInt(Unknown Source)
	at com.testautomation.TestRunner.TestRunnerDesktop.main_method(TestRunnerDesktop.java:144)
... Removed 24 stack frames]]>
    </failure>
  </testcase> <!-- main_method -->
  <testcase name="main_method" time="0.0" classname="com.testautomation.TestRunner.TestRunnerDesktop">
    <failure type="java.lang.NumberFormatException" message="For input string: &amp;quot;&amp;quot;">
      <![CDATA[java.lang.NumberFormatException: For input string: ""
	at java.lang.NumberFormatException.forInputString(Unknown Source)
	at java.lang.Integer.parseInt(Unknown Source)
	at java.lang.Integer.parseInt(Unknown Source)
	at com.testautomation.TestRunner.TestRunnerDesktop.main_method(TestRunnerDesktop.java:144)
... Removed 24 stack frames]]>
    </failure>
  </testcase> <!-- main_method -->
  <testcase name="main_method" time="0.001" classname="com.testautomation.TestRunner.TestRunnerDesktop">
    <failure type="java.lang.NumberFormatException" message="For input string: &amp;quot;&amp;quot;">
      <![CDATA[java.lang.NumberFormatException: For input string: ""
	at java.lang.NumberFormatException.forInputString(Unknown Source)
	at java.lang.Integer.parseInt(Unknown Source)
	at java.lang.Integer.parseInt(Unknown Source)
	at com.testautomation.TestRunner.TestRunnerDesktop.main_method(TestRunnerDesktop.java:144)
... Removed 24 stack frames]]>
    </failure>
  </testcase> <!-- main_method -->
  <testcase name="main_method" time="0.0" classname="com.testautomation.TestRunner.TestRunnerDesktop">
    <failure type="java.lang.NumberFormatException" message="For input string: &amp;quot;&amp;quot;">
      <![CDATA[java.lang.NumberFormatException: For input string: ""
	at java.lang.NumberFormatException.forInputString(Unknown Source)
	at java.lang.Integer.parseInt(Unknown Source)
	at java.lang.Integer.parseInt(Unknown Source)
	at com.testautomation.TestRunner.TestRunnerDesktop.main_method(TestRunnerDesktop.java:144)
... Removed 24 stack frames]]>
    </failure>
  </testcase> <!-- main_method -->
  <testcase name="main_method" time="0.001" classname="com.testautomation.TestRunner.TestRunnerDesktop">
    <failure type="java.lang.NumberFormatException" message="For input string: &amp;quot;&amp;quot;">
      <![CDATA[java.lang.NumberFormatException: For input string: ""
	at java.lang.NumberFormatException.forInputString(Unknown Source)
	at java.lang.Integer.parseInt(Unknown Source)
	at java.lang.Integer.parseInt(Unknown Source)
	at com.testautomation.TestRunner.TestRunnerDesktop.main_method(TestRunnerDesktop.java:144)
... Removed 24 stack frames]]>
    </failure>
  </testcase> <!-- main_method -->
  <testcase name="main_method" time="0.0" classname="com.testautomation.TestRunner.TestRunnerDesktop">
    <failure type="java.lang.NumberFormatException" message="For input string: &amp;quot;&amp;quot;">
      <![CDATA[java.lang.NumberFormatException: For input string: ""
	at java.lang.NumberFormatException.forInputString(Unknown Source)
	at java.lang.Integer.parseInt(Unknown Source)
	at java.lang.Integer.parseInt(Unknown Source)
	at com.testautomation.TestRunner.TestRunnerDesktop.main_method(TestRunnerDesktop.java:144)
... Removed 23 stack frames]]>
    </failure>
  </testcase> <!-- main_method -->
  <testcase name="main_method" time="0.0" classname="com.testautomation.TestRunner.TestRunnerDesktop">
    <failure type="java.lang.NumberFormatException" message="For input string: &amp;quot;&amp;quot;">
      <![CDATA[java.lang.NumberFormatException: For input string: ""
	at java.lang.NumberFormatException.forInputString(Unknown Source)
	at java.lang.Integer.parseInt(Unknown Source)
	at java.lang.Integer.parseInt(Unknown Source)
	at com.testautomation.TestRunner.TestRunnerDesktop.main_method(TestRunnerDesktop.java:144)
... Removed 23 stack frames]]>
    </failure>
  </testcase> <!-- main_method -->
  <testcase name="main_method" time="0.001" classname="com.testautomation.TestRunner.TestRunnerDesktop">
    <failure type="java.lang.NumberFormatException" message="For input string: &amp;quot;&amp;quot;">
      <![CDATA[java.lang.NumberFormatException: For input string: ""
	at java.lang.NumberFormatException.forInputString(Unknown Source)
	at java.lang.Integer.parseInt(Unknown Source)
	at java.lang.Integer.parseInt(Unknown Source)
	at com.testautomation.TestRunner.TestRunnerDesktop.main_method(TestRunnerDesktop.java:144)
... Removed 23 stack frames]]>
    </failure>
  </testcase> <!-- main_method -->
</testsuite> <!-- Test -->
