<?xml version="1.0" encoding="UTF-8"?>
<testng-results skipped="0" failed="0" total="2" passed="2">
  <reporter-output>
  </reporter-output>
  <suite name="Suite" duration-ms="5907" started-at="2020-07-07T16:03:58Z" finished-at="2020-07-07T16:04:04Z">
    <groups>
    </groups>
    <test name="Test" duration-ms="5907" started-at="2020-07-07T16:03:58Z" finished-at="2020-07-07T16:04:04Z">
      <class name="com.testautomation.TestRunner.TestRunnerDesktop">
        <test-method status="PASS" signature="beforeSetup()[pri:0, instance:com.testautomation.TestRunner.TestRunnerDesktop@2133814f]" name="beforeSetup" is-config="true" duration-ms="90" started-at="2020-07-07T21:33:58Z" finished-at="2020-07-07T21:33:58Z">
          <reporter-output>
          </reporter-output>
        </test-method> <!-- beforeSetup -->
        <test-method status="PASS" signature="setUpClass()[pri:0, instance:com.testautomation.TestRunner.TestRunnerDesktop@2133814f]" name="setUpClass" is-config="true" duration-ms="57" started-at="2020-07-07T21:33:58Z" finished-at="2020-07-07T21:33:58Z">
          <reporter-output>
          </reporter-output>
        </test-method> <!-- setUpClass -->
        <test-method status="PASS" signature="main_method(java.lang.String, java.lang.String, java.lang.String, java.lang.String, java.lang.String, java.lang.String)[pri:0, instance:com.testautomation.TestRunner.TestRunnerDesktop@2133814f]" name="main_method" duration-ms="3" started-at="2020-07-07T21:33:58Z" data-provider="testcasesList" finished-at="2020-07-07T21:33:58Z">
          <params>
            <param index="0">
              <value>
                <![CDATA[TC001_Homeowners_XM_STP_Assignment]]>
              </value>
            </param>
            <param index="1">
              <value>
                <![CDATA[1]]>
              </value>
            </param>
            <param index="2">
              <value>
                <![CDATA[N]]>
              </value>
            </param>
            <param index="3">
              <value>
                <![CDATA[Chrome]]>
              </value>
            </param>
            <param index="4">
              <value>
                <![CDATA[slave1]]>
              </value>
            </param>
            <param index="5">
              <value>
                <![CDATA[XM]]>
              </value>
            </param>
          </params>
          <reporter-output>
          </reporter-output>
        </test-method> <!-- main_method -->
        <test-method status="PASS" signature="tearDownTest(org.testng.ITestResult)[pri:0, instance:com.testautomation.TestRunner.TestRunnerDesktop@2133814f]" name="tearDownTest" is-config="true" duration-ms="1" started-at="2020-07-07T21:33:58Z" finished-at="2020-07-07T21:33:58Z">
          <params>
            <param index="0">
              <value>
                <![CDATA[[TestResult name=main_method status=SUCCESS method=TestRunnerDesktop.main_method(java.lang.String, java.lang.String, java.lang.String, java.lang.String, java.lang.String, java.lang.String)[pri:0, instance:com.testautomation.TestRunner.TestRunnerDesktop@2133814f] output={null}]]]>
              </value>
            </param>
          </params>
          <reporter-output>
          </reporter-output>
        </test-method> <!-- tearDownTest -->
        <test-method status="PASS" signature="main_method(java.lang.String, java.lang.String, java.lang.String, java.lang.String, java.lang.String, java.lang.String)[pri:0, instance:com.testautomation.TestRunner.TestRunnerDesktop@2133814f]" name="main_method" duration-ms="5236" started-at="2020-07-07T21:33:58Z" data-provider="testcasesList" finished-at="2020-07-07T21:34:03Z">
          <params>
            <param index="0">
              <value>
                <![CDATA[TC001_Notepad operations]]>
              </value>
            </param>
            <param index="1">
              <value>
                <![CDATA[1]]>
              </value>
            </param>
            <param index="2">
              <value>
                <![CDATA[Y]]>
              </value>
            </param>
            <param index="3">
              <value>
                <![CDATA[Chrome]]>
              </value>
            </param>
            <param index="4">
              <value>
                <![CDATA[slave1]]>
              </value>
            </param>
            <param index="5">
              <value>
                <![CDATA[XM]]>
              </value>
            </param>
          </params>
          <reporter-output>
          </reporter-output>
        </test-method> <!-- main_method -->
        <test-method status="PASS" signature="tearDownTest(org.testng.ITestResult)[pri:0, instance:com.testautomation.TestRunner.TestRunnerDesktop@2133814f]" name="tearDownTest" is-config="true" duration-ms="189" started-at="2020-07-07T21:34:03Z" finished-at="2020-07-07T21:34:04Z">
          <params>
            <param index="0">
              <value>
                <![CDATA[[TestResult name=main_method status=SUCCESS method=TestRunnerDesktop.main_method(java.lang.String, java.lang.String, java.lang.String, java.lang.String, java.lang.String, java.lang.String)[pri:0, instance:com.testautomation.TestRunner.TestRunnerDesktop@2133814f] output={null}]]]>
              </value>
            </param>
          </params>
          <reporter-output>
          </reporter-output>
        </test-method> <!-- tearDownTest -->
        <test-method status="PASS" signature="tearDownClass()[pri:0, instance:com.testautomation.TestRunner.TestRunnerDesktop@2133814f]" name="tearDownClass" is-config="true" duration-ms="2" started-at="2020-07-07T21:34:04Z" finished-at="2020-07-07T21:34:04Z">
          <reporter-output>
          </reporter-output>
        </test-method> <!-- tearDownClass -->
      </class> <!-- com.testautomation.TestRunner.TestRunnerDesktop -->
    </test> <!-- Test -->
  </suite> <!-- Suite -->
</testng-results>
