<?xml version="1.0" encoding="UTF-8"?>
<testng-results skipped="0" failed="0" total="19" passed="19">
  <reporter-output>
  </reporter-output>
  <suite name="Suite" duration-ms="99918" started-at="2020-08-04T16:14:03Z" finished-at="2020-08-04T16:15:42Z">
    <groups>
    </groups>
    <test name="Test" duration-ms="99918" started-at="2020-08-04T16:14:03Z" finished-at="2020-08-04T16:15:42Z">
      <class name="com.testautomation.TestRunner.TestRunnerUI">
        <test-method status="PASS" signature="beforeSetup()[pri:0, instance:com.testautomation.TestRunner.TestRunnerUI@11a9e7c8]" name="beforeSetup" is-config="true" duration-ms="15260" started-at="2020-08-04T21:44:03Z" finished-at="2020-08-04T21:44:18Z">
          <reporter-output>
          </reporter-output>
        </test-method> <!-- beforeSetup -->
        <test-method status="PASS" signature="setUpClass()[pri:0, instance:com.testautomation.TestRunner.TestRunnerUI@11a9e7c8]" name="setUpClass" is-config="true" duration-ms="561" started-at="2020-08-04T21:44:18Z" finished-at="2020-08-04T21:44:18Z">
          <reporter-output>
          </reporter-output>
        </test-method> <!-- setUpClass -->
        <test-method status="PASS" signature="main_method(java.lang.String, java.lang.String, java.lang.String, java.lang.String, java.lang.String, java.lang.String)[pri:0, instance:com.testautomation.TestRunner.TestRunnerUI@11a9e7c8]" name="main_method" duration-ms="74688" started-at="2020-08-04T21:44:22Z" data-provider="testcasesList" finished-at="2020-08-04T21:45:37Z">
          <params>
            <param index="0">
              <value>
                <![CDATA[TC001_Search and add product]]>
              </value>
            </param>
            <param index="1">
              <value>
                <![CDATA[1]]>
              </value>
            </param>
            <param index="2">
              <value>
                <![CDATA[Y]]>
              </value>
            </param>
            <param index="3">
              <value>
                <![CDATA[Chrome]]>
              </value>
            </param>
            <param index="4">
              <value>
                <![CDATA[slave1]]>
              </value>
            </param>
            <param index="5">
              <value>
                <![CDATA[XM]]>
              </value>
            </param>
          </params>
          <reporter-output>
          </reporter-output>
        </test-method> <!-- main_method -->
        <test-method status="PASS" signature="tearDownTest(org.testng.ITestResult)[pri:0, instance:com.testautomation.TestRunner.TestRunnerUI@11a9e7c8]" name="tearDownTest" is-config="true" duration-ms="618" started-at="2020-08-04T21:45:37Z" finished-at="2020-08-04T21:45:37Z">
          <params>
            <param index="0">
              <value>
                <![CDATA[[TestResult name=main_method status=SUCCESS method=TestRunnerUI.main_method(java.lang.String, java.lang.String, java.lang.String, java.lang.String, java.lang.String, java.lang.String)[pri:0, instance:com.testautomation.TestRunner.TestRunnerUI@11a9e7c8] output={null}]]]>
              </value>
            </param>
          </params>
          <reporter-output>
          </reporter-output>
        </test-method> <!-- tearDownTest -->
        <test-method status="PASS" signature="main_method(java.lang.String, java.lang.String, java.lang.String, java.lang.String, java.lang.String, java.lang.String)[pri:0, instance:com.testautomation.TestRunner.TestRunnerUI@11a9e7c8]" name="main_method" duration-ms="1" started-at="2020-08-04T21:45:37Z" data-provider="testcasesList" finished-at="2020-08-04T21:45:37Z">
          <params>
            <param index="0">
              <value>
                <![CDATA[TC02_BBCE_PersonalAuto_Salvage_GAIN_TEST_OPT]]>
              </value>
            </param>
            <param index="1">
              <value>
                <![CDATA[1]]>
              </value>
            </param>
            <param index="2">
              <value>
                <![CDATA[N]]>
              </value>
            </param>
            <param index="3">
              <value>
                <![CDATA[Chrome]]>
              </value>
            </param>
            <param index="4">
              <value>
                <![CDATA[slave1]]>
              </value>
            </param>
            <param index="5">
              <value>
                <![CDATA[GAIN]]>
              </value>
            </param>
          </params>
          <reporter-output>
          </reporter-output>
        </test-method> <!-- main_method -->
        <test-method status="PASS" signature="main_method(java.lang.String, java.lang.String, java.lang.String, java.lang.String, java.lang.String, java.lang.String)[pri:0, instance:com.testautomation.TestRunner.TestRunnerUI@11a9e7c8]" name="main_method" duration-ms="1" started-at="2020-08-04T21:45:37Z" data-provider="testcasesList" finished-at="2020-08-04T21:45:37Z">
          <params>
            <param index="0">
              <value>
                <![CDATA[TC011_BBCE_CommercialAuto-Auto-Salvage - PRPWINS_TEST_OPT]]>
              </value>
            </param>
            <param index="1">
              <value>
                <![CDATA[1]]>
              </value>
            </param>
            <param index="2">
              <value>
                <![CDATA[N]]>
              </value>
            </param>
            <param index="3">
              <value>
                <![CDATA[Chrome]]>
              </value>
            </param>
            <param index="4">
              <value>
                <![CDATA[slave1]]>
              </value>
            </param>
            <param index="5">
              <value>
                <![CDATA[WINS]]>
              </value>
            </param>
          </params>
          <reporter-output>
          </reporter-output>
        </test-method> <!-- main_method -->
        <test-method status="PASS" signature="tearDownTest(org.testng.ITestResult)[pri:0, instance:com.testautomation.TestRunner.TestRunnerUI@11a9e7c8]" name="tearDownTest" is-config="true" duration-ms="0" started-at="2020-08-04T21:45:37Z" finished-at="2020-08-04T21:45:37Z">
          <params>
            <param index="0">
              <value>
                <![CDATA[[TestResult name=main_method status=SUCCESS method=TestRunnerUI.main_method(java.lang.String, java.lang.String, java.lang.String, java.lang.String, java.lang.String, java.lang.String)[pri:0, instance:com.testautomation.TestRunner.TestRunnerUI@11a9e7c8] output={null}]]]>
              </value>
            </param>
          </params>
          <reporter-output>
          </reporter-output>
        </test-method> <!-- tearDownTest -->
        <test-method status="PASS" signature="main_method(java.lang.String, java.lang.String, java.lang.String, java.lang.String, java.lang.String, java.lang.String)[pri:0, instance:com.testautomation.TestRunner.TestRunnerUI@11a9e7c8]" name="main_method" duration-ms="1" started-at="2020-08-04T21:45:37Z" data-provider="testcasesList" finished-at="2020-08-04T21:45:37Z">
          <params>
            <param index="0">
              <value>
                <![CDATA[TC042_BBCECommercialPackage-Liability-Salvage - XM - New Incident_TEST_OPT]]>
              </value>
            </param>
            <param index="1">
              <value>
                <![CDATA[1]]>
              </value>
            </param>
            <param index="2">
              <value>
                <![CDATA[N]]>
              </value>
            </param>
            <param index="3">
              <value>
                <![CDATA[Chrome]]>
              </value>
            </param>
            <param index="4">
              <value>
                <![CDATA[slave1]]>
              </value>
            </param>
            <param index="5">
              <value>
                <![CDATA[XM]]>
              </value>
            </param>
          </params>
          <reporter-output>
          </reporter-output>
        </test-method> <!-- main_method -->
        <test-method status="PASS" signature="tearDownTest(org.testng.ITestResult)[pri:0, instance:com.testautomation.TestRunner.TestRunnerUI@11a9e7c8]" name="tearDownTest" is-config="true" duration-ms="0" started-at="2020-08-04T21:45:37Z" finished-at="2020-08-04T21:45:37Z">
          <params>
            <param index="0">
              <value>
                <![CDATA[[TestResult name=main_method status=SUCCESS method=TestRunnerUI.main_method(java.lang.String, java.lang.String, java.lang.String, java.lang.String, java.lang.String, java.lang.String)[pri:0, instance:com.testautomation.TestRunner.TestRunnerUI@11a9e7c8] output={null}]]]>
              </value>
            </param>
          </params>
          <reporter-output>
          </reporter-output>
        </test-method> <!-- tearDownTest -->
        <test-method status="PASS" signature="tearDownTest(org.testng.ITestResult)[pri:0, instance:com.testautomation.TestRunner.TestRunnerUI@11a9e7c8]" name="tearDownTest" is-config="true" duration-ms="0" started-at="2020-08-04T21:45:37Z" finished-at="2020-08-04T21:45:37Z">
          <params>
            <param index="0">
              <value>
                <![CDATA[[TestResult name=main_method status=SUCCESS method=TestRunnerUI.main_method(java.lang.String, java.lang.String, java.lang.String, java.lang.String, java.lang.String, java.lang.String)[pri:0, instance:com.testautomation.TestRunner.TestRunnerUI@11a9e7c8] output={null}]]]>
              </value>
            </param>
          </params>
          <reporter-output>
          </reporter-output>
        </test-method> <!-- tearDownTest -->
        <test-method status="PASS" signature="tearDownTest(org.testng.ITestResult)[pri:0, instance:com.testautomation.TestRunner.TestRunnerUI@11a9e7c8]" name="tearDownTest" is-config="true" duration-ms="1" started-at="2020-08-04T21:45:37Z" finished-at="2020-08-04T21:45:37Z">
          <params>
            <param index="0">
              <value>
                <![CDATA[[TestResult name=main_method status=SUCCESS method=TestRunnerUI.main_method(java.lang.String, java.lang.String, java.lang.String, java.lang.String, java.lang.String, java.lang.String)[pri:0, instance:com.testautomation.TestRunner.TestRunnerUI@11a9e7c8] output={null}]]]>
              </value>
            </param>
          </params>
          <reporter-output>
          </reporter-output>
        </test-method> <!-- tearDownTest -->
        <test-method status="PASS" signature="main_method(java.lang.String, java.lang.String, java.lang.String, java.lang.String, java.lang.String, java.lang.String)[pri:0, instance:com.testautomation.TestRunner.TestRunnerUI@11a9e7c8]" name="main_method" duration-ms="0" started-at="2020-08-04T21:45:37Z" data-provider="testcasesList" finished-at="2020-08-04T21:45:37Z">
          <params>
            <param index="0">
              <value>
                <![CDATA[TC24_BoatOwners_Liability_Salvage_UIC_TEST_OPT]]>
              </value>
            </param>
            <param index="1">
              <value>
                <![CDATA[1]]>
              </value>
            </param>
            <param index="2">
              <value>
                <![CDATA[N]]>
              </value>
            </param>
            <param index="3">
              <value>
                <![CDATA[Chrome]]>
              </value>
            </param>
            <param index="4">
              <value>
                <![CDATA[slave1]]>
              </value>
            </param>
            <param index="5">
              <value>
                <![CDATA[UIC]]>
              </value>
            </param>
          </params>
          <reporter-output>
          </reporter-output>
        </test-method> <!-- main_method -->
        <test-method status="PASS" signature="main_method(java.lang.String, java.lang.String, java.lang.String, java.lang.String, java.lang.String, java.lang.String)[pri:0, instance:com.testautomation.TestRunner.TestRunnerUI@11a9e7c8]" name="main_method" duration-ms="0" started-at="2020-08-04T21:45:37Z" data-provider="testcasesList" finished-at="2020-08-04T21:45:37Z">
          <params>
            <param index="0">
              <value>
                <![CDATA[TC28_BBCEBusinessOwners_Property_Gain_TEST_OPT]]>
              </value>
            </param>
            <param index="1">
              <value>
                <![CDATA[1]]>
              </value>
            </param>
            <param index="2">
              <value>
                <![CDATA[N]]>
              </value>
            </param>
            <param index="3">
              <value>
                <![CDATA[Chrome]]>
              </value>
            </param>
            <param index="4">
              <value>
                <![CDATA[slave1]]>
              </value>
            </param>
            <param index="5">
              <value>
                <![CDATA[GAIN]]>
              </value>
            </param>
          </params>
          <reporter-output>
          </reporter-output>
        </test-method> <!-- main_method -->
        <test-method status="PASS" signature="tearDownTest(org.testng.ITestResult)[pri:0, instance:com.testautomation.TestRunner.TestRunnerUI@11a9e7c8]" name="tearDownTest" is-config="true" duration-ms="0" started-at="2020-08-04T21:45:37Z" finished-at="2020-08-04T21:45:37Z">
          <params>
            <param index="0">
              <value>
                <![CDATA[[TestResult name=main_method status=SUCCESS method=TestRunnerUI.main_method(java.lang.String, java.lang.String, java.lang.String, java.lang.String, java.lang.String, java.lang.String)[pri:0, instance:com.testautomation.TestRunner.TestRunnerUI@11a9e7c8] output={null}]]]>
              </value>
            </param>
          </params>
          <reporter-output>
          </reporter-output>
        </test-method> <!-- tearDownTest -->
        <test-method status="PASS" signature="main_method(java.lang.String, java.lang.String, java.lang.String, java.lang.String, java.lang.String, java.lang.String)[pri:0, instance:com.testautomation.TestRunner.TestRunnerUI@11a9e7c8]" name="main_method" duration-ms="1" started-at="2020-08-04T21:45:37Z" data-provider="testcasesList" finished-at="2020-08-04T21:45:37Z">
          <params>
            <param index="0">
              <value>
                <![CDATA[TC006_FlexBiz-Liability_with_Auto_incident_TEST_OPT]]>
              </value>
            </param>
            <param index="1">
              <value>
                <![CDATA[1]]>
              </value>
            </param>
            <param index="2">
              <value>
                <![CDATA[N]]>
              </value>
            </param>
            <param index="3">
              <value>
                <![CDATA[Chrome]]>
              </value>
            </param>
            <param index="4">
              <value>
                <![CDATA[slave1]]>
              </value>
            </param>
            <param index="5">
              <value>
                <![CDATA[GAIN]]>
              </value>
            </param>
          </params>
          <reporter-output>
          </reporter-output>
        </test-method> <!-- main_method -->
        <test-method status="PASS" signature="main_method(java.lang.String, java.lang.String, java.lang.String, java.lang.String, java.lang.String, java.lang.String)[pri:0, instance:com.testautomation.TestRunner.TestRunnerUI@11a9e7c8]" name="main_method" duration-ms="1" started-at="2020-08-04T21:45:37Z" data-provider="testcasesList" finished-at="2020-08-04T21:45:37Z">
          <params>
            <param index="0">
              <value>
                <![CDATA[TC110_GWCC_MarketScout_InlandMarine_Property_TEST_OPT]]>
              </value>
            </param>
            <param index="1">
              <value>
                <![CDATA[1]]>
              </value>
            </param>
            <param index="2">
              <value>
                <![CDATA[N]]>
              </value>
            </param>
            <param index="3">
              <value>
                <![CDATA[Chrome]]>
              </value>
            </param>
            <param index="4">
              <value>
                <![CDATA[slave1]]>
              </value>
            </param>
            <param index="5">
              <value>
                <![CDATA[GAIN]]>
              </value>
            </param>
          </params>
          <reporter-output>
          </reporter-output>
        </test-method> <!-- main_method -->
        <test-method status="PASS" signature="tearDownTest(org.testng.ITestResult)[pri:0, instance:com.testautomation.TestRunner.TestRunnerUI@11a9e7c8]" name="tearDownTest" is-config="true" duration-ms="0" started-at="2020-08-04T21:45:37Z" finished-at="2020-08-04T21:45:37Z">
          <params>
            <param index="0">
              <value>
                <![CDATA[[TestResult name=main_method status=SUCCESS method=TestRunnerUI.main_method(java.lang.String, java.lang.String, java.lang.String, java.lang.String, java.lang.String, java.lang.String)[pri:0, instance:com.testautomation.TestRunner.TestRunnerUI@11a9e7c8] output={null}]]]>
              </value>
            </param>
          </params>
          <reporter-output>
          </reporter-output>
        </test-method> <!-- tearDownTest -->
        <test-method status="PASS" signature="tearDownTest(org.testng.ITestResult)[pri:0, instance:com.testautomation.TestRunner.TestRunnerUI@11a9e7c8]" name="tearDownTest" is-config="true" duration-ms="0" started-at="2020-08-04T21:45:37Z" finished-at="2020-08-04T21:45:37Z">
          <params>
            <param index="0">
              <value>
                <![CDATA[[TestResult name=main_method status=SUCCESS method=TestRunnerUI.main_method(java.lang.String, java.lang.String, java.lang.String, java.lang.String, java.lang.String, java.lang.String)[pri:0, instance:com.testautomation.TestRunner.TestRunnerUI@11a9e7c8] output={null}]]]>
              </value>
            </param>
          </params>
          <reporter-output>
          </reporter-output>
        </test-method> <!-- tearDownTest -->
        <test-method status="PASS" signature="main_method(java.lang.String, java.lang.String, java.lang.String, java.lang.String, java.lang.String, java.lang.String)[pri:0, instance:com.testautomation.TestRunner.TestRunnerUI@11a9e7c8]" name="main_method" duration-ms="1" started-at="2020-08-04T21:45:37Z" data-provider="testcasesList" finished-at="2020-08-04T21:45:37Z">
          <params>
            <param index="0">
              <value>
                <![CDATA[TC52_PersonalUmbrella_Liability_NonSalvage_UIC_TEST_OPT]]>
              </value>
            </param>
            <param index="1">
              <value>
                <![CDATA[1]]>
              </value>
            </param>
            <param index="2">
              <value>
                <![CDATA[N]]>
              </value>
            </param>
            <param index="3">
              <value>
                <![CDATA[Chrome]]>
              </value>
            </param>
            <param index="4">
              <value>
                <![CDATA[slave1]]>
              </value>
            </param>
            <param index="5">
              <value>
                <![CDATA[UIC]]>
              </value>
            </param>
          </params>
          <reporter-output>
          </reporter-output>
        </test-method> <!-- main_method -->
        <test-method status="PASS" signature="tearDownTest(org.testng.ITestResult)[pri:0, instance:com.testautomation.TestRunner.TestRunnerUI@11a9e7c8]" name="tearDownTest" is-config="true" duration-ms="1" started-at="2020-08-04T21:45:37Z" finished-at="2020-08-04T21:45:37Z">
          <params>
            <param index="0">
              <value>
                <![CDATA[[TestResult name=main_method status=SUCCESS method=TestRunnerUI.main_method(java.lang.String, java.lang.String, java.lang.String, java.lang.String, java.lang.String, java.lang.String)[pri:0, instance:com.testautomation.TestRunner.TestRunnerUI@11a9e7c8] output={null}]]]>
              </value>
            </param>
          </params>
          <reporter-output>
          </reporter-output>
        </test-method> <!-- tearDownTest -->
        <test-method status="PASS" signature="main_method(java.lang.String, java.lang.String, java.lang.String, java.lang.String, java.lang.String, java.lang.String)[pri:0, instance:com.testautomation.TestRunner.TestRunnerUI@11a9e7c8]" name="main_method" duration-ms="0" started-at="2020-08-04T21:45:37Z" data-provider="testcasesList" finished-at="2020-08-04T21:45:37Z">
          <params>
            <param index="0">
              <value>
                <![CDATA[TC54_General Liability_QIC_TEST_OPT]]>
              </value>
            </param>
            <param index="1">
              <value>
                <![CDATA[1]]>
              </value>
            </param>
            <param index="2">
              <value>
                <![CDATA[N]]>
              </value>
            </param>
            <param index="3">
              <value>
                <![CDATA[Chrome]]>
              </value>
            </param>
            <param index="4">
              <value>
                <![CDATA[slave1]]>
              </value>
            </param>
            <param index="5">
              <value>
                <![CDATA[QIC]]>
              </value>
            </param>
          </params>
          <reporter-output>
          </reporter-output>
        </test-method> <!-- main_method -->
        <test-method status="PASS" signature="main_method(java.lang.String, java.lang.String, java.lang.String, java.lang.String, java.lang.String, java.lang.String)[pri:0, instance:com.testautomation.TestRunner.TestRunnerUI@11a9e7c8]" name="main_method" duration-ms="0" started-at="2020-08-04T21:45:37Z" data-provider="testcasesList" finished-at="2020-08-04T21:45:37Z">
          <params>
            <param index="0">
              <value>
                <![CDATA[TC94_BBCE_HealthCare_Phase2_Liability_WINS_TEST_OPT]]>
              </value>
            </param>
            <param index="1">
              <value>
                <![CDATA[1]]>
              </value>
            </param>
            <param index="2">
              <value>
                <![CDATA[N]]>
              </value>
            </param>
            <param index="3">
              <value>
                <![CDATA[Chrome]]>
              </value>
            </param>
            <param index="4">
              <value>
                <![CDATA[slave1]]>
              </value>
            </param>
            <param index="5">
              <value>
                <![CDATA[WINS]]>
              </value>
            </param>
          </params>
          <reporter-output>
          </reporter-output>
        </test-method> <!-- main_method -->
        <test-method status="PASS" signature="tearDownTest(org.testng.ITestResult)[pri:0, instance:com.testautomation.TestRunner.TestRunnerUI@11a9e7c8]" name="tearDownTest" is-config="true" duration-ms="0" started-at="2020-08-04T21:45:37Z" finished-at="2020-08-04T21:45:37Z">
          <params>
            <param index="0">
              <value>
                <![CDATA[[TestResult name=main_method status=SUCCESS method=TestRunnerUI.main_method(java.lang.String, java.lang.String, java.lang.String, java.lang.String, java.lang.String, java.lang.String)[pri:0, instance:com.testautomation.TestRunner.TestRunnerUI@11a9e7c8] output={null}]]]>
              </value>
            </param>
          </params>
          <reporter-output>
          </reporter-output>
        </test-method> <!-- tearDownTest -->
        <test-method status="PASS" signature="main_method(java.lang.String, java.lang.String, java.lang.String, java.lang.String, java.lang.String, java.lang.String)[pri:0, instance:com.testautomation.TestRunner.TestRunnerUI@11a9e7c8]" name="main_method" duration-ms="1" started-at="2020-08-04T21:45:37Z" data-provider="testcasesList" finished-at="2020-08-04T21:45:37Z">
          <params>
            <param index="0">
              <value>
                <![CDATA[TC001_BBCE_DwellingFireProperty-GAIN_TEST_OPT]]>
              </value>
            </param>
            <param index="1">
              <value>
                <![CDATA[1]]>
              </value>
            </param>
            <param index="2">
              <value>
                <![CDATA[N]]>
              </value>
            </param>
            <param index="3">
              <value>
                <![CDATA[Chrome]]>
              </value>
            </param>
            <param index="4">
              <value>
                <![CDATA[slave1]]>
              </value>
            </param>
            <param index="5">
              <value>
                <![CDATA[GAIN]]>
              </value>
            </param>
          </params>
          <reporter-output>
          </reporter-output>
        </test-method> <!-- main_method -->
        <test-method status="PASS" signature="tearDownTest(org.testng.ITestResult)[pri:0, instance:com.testautomation.TestRunner.TestRunnerUI@11a9e7c8]" name="tearDownTest" is-config="true" duration-ms="0" started-at="2020-08-04T21:45:37Z" finished-at="2020-08-04T21:45:37Z">
          <params>
            <param index="0">
              <value>
                <![CDATA[[TestResult name=main_method status=SUCCESS method=TestRunnerUI.main_method(java.lang.String, java.lang.String, java.lang.String, java.lang.String, java.lang.String, java.lang.String)[pri:0, instance:com.testautomation.TestRunner.TestRunnerUI@11a9e7c8] output={null}]]]>
              </value>
            </param>
          </params>
          <reporter-output>
          </reporter-output>
        </test-method> <!-- tearDownTest -->
        <test-method status="PASS" signature="main_method(java.lang.String, java.lang.String, java.lang.String, java.lang.String, java.lang.String, java.lang.String)[pri:0, instance:com.testautomation.TestRunner.TestRunnerUI@11a9e7c8]" name="main_method" duration-ms="1" started-at="2020-08-04T21:45:37Z" data-provider="testcasesList" finished-at="2020-08-04T21:45:37Z">
          <params>
            <param index="0">
              <value>
                <![CDATA[TC119_GWCC_SecurityFirst_Property1_TEST_OPT]]>
              </value>
            </param>
            <param index="1">
              <value>
                <![CDATA[1]]>
              </value>
            </param>
            <param index="2">
              <value>
                <![CDATA[N]]>
              </value>
            </param>
            <param index="3">
              <value>
                <![CDATA[Chrome]]>
              </value>
            </param>
            <param index="4">
              <value>
                <![CDATA[slave1]]>
              </value>
            </param>
            <param index="5">
              <value>
                <![CDATA[INSTEC]]>
              </value>
            </param>
          </params>
          <reporter-output>
          </reporter-output>
        </test-method> <!-- main_method -->
        <test-method status="PASS" signature="tearDownTest(org.testng.ITestResult)[pri:0, instance:com.testautomation.TestRunner.TestRunnerUI@11a9e7c8]" name="tearDownTest" is-config="true" duration-ms="0" started-at="2020-08-04T21:45:37Z" finished-at="2020-08-04T21:45:37Z">
          <params>
            <param index="0">
              <value>
                <![CDATA[[TestResult name=main_method status=SUCCESS method=TestRunnerUI.main_method(java.lang.String, java.lang.String, java.lang.String, java.lang.String, java.lang.String, java.lang.String)[pri:0, instance:com.testautomation.TestRunner.TestRunnerUI@11a9e7c8] output={null}]]]>
              </value>
            </param>
          </params>
          <reporter-output>
          </reporter-output>
        </test-method> <!-- tearDownTest -->
        <test-method status="PASS" signature="main_method(java.lang.String, java.lang.String, java.lang.String, java.lang.String, java.lang.String, java.lang.String)[pri:0, instance:com.testautomation.TestRunner.TestRunnerUI@11a9e7c8]" name="main_method" duration-ms="1" started-at="2020-08-04T21:45:37Z" data-provider="testcasesList" finished-at="2020-08-04T21:45:37Z">
          <params>
            <param index="0">
              <value>
                <![CDATA[TC118_McDonalds_Property1_TEST_OPT]]>
              </value>
            </param>
            <param index="1">
              <value>
                <![CDATA[1]]>
              </value>
            </param>
            <param index="2">
              <value>
                <![CDATA[N]]>
              </value>
            </param>
            <param index="3">
              <value>
                <![CDATA[Chrome]]>
              </value>
            </param>
            <param index="4">
              <value>
                <![CDATA[slave1]]>
              </value>
            </param>
            <param index="5">
              <value>
                <![CDATA[INSTEC]]>
              </value>
            </param>
          </params>
          <reporter-output>
          </reporter-output>
        </test-method> <!-- main_method -->
        <test-method status="PASS" signature="tearDownTest(org.testng.ITestResult)[pri:0, instance:com.testautomation.TestRunner.TestRunnerUI@11a9e7c8]" name="tearDownTest" is-config="true" duration-ms="0" started-at="2020-08-04T21:45:37Z" finished-at="2020-08-04T21:45:37Z">
          <params>
            <param index="0">
              <value>
                <![CDATA[[TestResult name=main_method status=SUCCESS method=TestRunnerUI.main_method(java.lang.String, java.lang.String, java.lang.String, java.lang.String, java.lang.String, java.lang.String)[pri:0, instance:com.testautomation.TestRunner.TestRunnerUI@11a9e7c8] output={null}]]]>
              </value>
            </param>
          </params>
          <reporter-output>
          </reporter-output>
        </test-method> <!-- tearDownTest -->
        <test-method status="PASS" signature="tearDownTest(org.testng.ITestResult)[pri:0, instance:com.testautomation.TestRunner.TestRunnerUI@11a9e7c8]" name="tearDownTest" is-config="true" duration-ms="0" started-at="2020-08-04T21:45:37Z" finished-at="2020-08-04T21:45:37Z">
          <params>
            <param index="0">
              <value>
                <![CDATA[[TestResult name=main_method status=SUCCESS method=TestRunnerUI.main_method(java.lang.String, java.lang.String, java.lang.String, java.lang.String, java.lang.String, java.lang.String)[pri:0, instance:com.testautomation.TestRunner.TestRunnerUI@11a9e7c8] output={null}]]]>
              </value>
            </param>
          </params>
          <reporter-output>
          </reporter-output>
        </test-method> <!-- tearDownTest -->
        <test-method status="PASS" signature="main_method(java.lang.String, java.lang.String, java.lang.String, java.lang.String, java.lang.String, java.lang.String)[pri:0, instance:com.testautomation.TestRunner.TestRunnerUI@11a9e7c8]" name="main_method" duration-ms="0" started-at="2020-08-04T21:45:37Z" data-provider="testcasesList" finished-at="2020-08-04T21:45:37Z">
          <params>
            <param index="0">
              <value>
                <![CDATA[TC108_BBCE_Aviation_Majesco_CGL_Aviation_TEST_OPT]]>
              </value>
            </param>
            <param index="1">
              <value>
                <![CDATA[1]]>
              </value>
            </param>
            <param index="2">
              <value>
                <![CDATA[N]]>
              </value>
            </param>
            <param index="3">
              <value>
                <![CDATA[Chrome]]>
              </value>
            </param>
            <param index="4">
              <value>
                <![CDATA[slave1]]>
              </value>
            </param>
            <param index="5">
              <value>
                <![CDATA[MAJESCO]]>
              </value>
            </param>
          </params>
          <reporter-output>
          </reporter-output>
        </test-method> <!-- main_method -->
        <test-method status="PASS" signature="main_method(java.lang.String, java.lang.String, java.lang.String, java.lang.String, java.lang.String, java.lang.String)[pri:0, instance:com.testautomation.TestRunner.TestRunnerUI@11a9e7c8]" name="main_method" duration-ms="1" started-at="2020-08-04T21:45:37Z" data-provider="testcasesList" finished-at="2020-08-04T21:45:37Z">
          <params>
            <param index="0">
              <value>
                <![CDATA[GWCC-23546_Legacy claim search_TC001]]>
              </value>
            </param>
            <param index="1">
              <value>
                <![CDATA[1]]>
              </value>
            </param>
            <param index="2">
              <value>
                <![CDATA[N]]>
              </value>
            </param>
            <param index="3">
              <value>
                <![CDATA[Chrome]]>
              </value>
            </param>
            <param index="4">
              <value>
                <![CDATA[slave1]]>
              </value>
            </param>
            <param index="5">
              <value>
                <![CDATA[XM]]>
              </value>
            </param>
          </params>
          <reporter-output>
          </reporter-output>
        </test-method> <!-- main_method -->
        <test-method status="PASS" signature="tearDownTest(org.testng.ITestResult)[pri:0, instance:com.testautomation.TestRunner.TestRunnerUI@11a9e7c8]" name="tearDownTest" is-config="true" duration-ms="0" started-at="2020-08-04T21:45:37Z" finished-at="2020-08-04T21:45:37Z">
          <params>
            <param index="0">
              <value>
                <![CDATA[[TestResult name=main_method status=SUCCESS method=TestRunnerUI.main_method(java.lang.String, java.lang.String, java.lang.String, java.lang.String, java.lang.String, java.lang.String)[pri:0, instance:com.testautomation.TestRunner.TestRunnerUI@11a9e7c8] output={null}]]]>
              </value>
            </param>
          </params>
          <reporter-output>
          </reporter-output>
        </test-method> <!-- tearDownTest -->
        <test-method status="PASS" signature="tearDownTest(org.testng.ITestResult)[pri:0, instance:com.testautomation.TestRunner.TestRunnerUI@11a9e7c8]" name="tearDownTest" is-config="true" duration-ms="0" started-at="2020-08-04T21:45:37Z" finished-at="2020-08-04T21:45:37Z">
          <params>
            <param index="0">
              <value>
                <![CDATA[[TestResult name=main_method status=SUCCESS method=TestRunnerUI.main_method(java.lang.String, java.lang.String, java.lang.String, java.lang.String, java.lang.String, java.lang.String)[pri:0, instance:com.testautomation.TestRunner.TestRunnerUI@11a9e7c8] output={null}]]]>
              </value>
            </param>
          </params>
          <reporter-output>
          </reporter-output>
        </test-method> <!-- tearDownTest -->
        <test-method status="PASS" signature="main_method(java.lang.String, java.lang.String, java.lang.String, java.lang.String, java.lang.String, java.lang.String)[pri:0, instance:com.testautomation.TestRunner.TestRunnerUI@11a9e7c8]" name="main_method" duration-ms="1" started-at="2020-08-04T21:45:37Z" data-provider="testcasesList" finished-at="2020-08-04T21:45:37Z">
          <params>
            <param index="0">
              <value>
                <![CDATA[GWCC-23546_Legacy claim search_TC002]]>
              </value>
            </param>
            <param index="1">
              <value>
                <![CDATA[1]]>
              </value>
            </param>
            <param index="2">
              <value>
                <![CDATA[N]]>
              </value>
            </param>
            <param index="3">
              <value>
                <![CDATA[Chrome]]>
              </value>
            </param>
            <param index="4">
              <value>
                <![CDATA[slave1]]>
              </value>
            </param>
            <param index="5">
              <value>
                <![CDATA[WINS]]>
              </value>
            </param>
          </params>
          <reporter-output>
          </reporter-output>
        </test-method> <!-- main_method -->
        <test-method status="PASS" signature="main_method(java.lang.String, java.lang.String, java.lang.String, java.lang.String, java.lang.String, java.lang.String)[pri:0, instance:com.testautomation.TestRunner.TestRunnerUI@11a9e7c8]" name="main_method" duration-ms="0" started-at="2020-08-04T21:45:37Z" data-provider="testcasesList" finished-at="2020-08-04T21:45:37Z">
          <params>
            <param index="0">
              <value>
                <![CDATA[CommercialProperty_AutomatedAssignment-EXCL-DwellingFire-History]]>
              </value>
            </param>
            <param index="1">
              <value>
                <![CDATA[1]]>
              </value>
            </param>
            <param index="2">
              <value>
                <![CDATA[N]]>
              </value>
            </param>
            <param index="3">
              <value>
                <![CDATA[Chrome]]>
              </value>
            </param>
            <param index="4">
              <value>
                <![CDATA[slave1]]>
              </value>
            </param>
            <param index="5">
              <value>
                <![CDATA[XM]]>
              </value>
            </param>
          </params>
          <reporter-output>
          </reporter-output>
        </test-method> <!-- main_method -->
        <test-method status="PASS" signature="tearDownTest(org.testng.ITestResult)[pri:0, instance:com.testautomation.TestRunner.TestRunnerUI@11a9e7c8]" name="tearDownTest" is-config="true" duration-ms="0" started-at="2020-08-04T21:45:37Z" finished-at="2020-08-04T21:45:37Z">
          <params>
            <param index="0">
              <value>
                <![CDATA[[TestResult name=main_method status=SUCCESS method=TestRunnerUI.main_method(java.lang.String, java.lang.String, java.lang.String, java.lang.String, java.lang.String, java.lang.String)[pri:0, instance:com.testautomation.TestRunner.TestRunnerUI@11a9e7c8] output={null}]]]>
              </value>
            </param>
          </params>
          <reporter-output>
          </reporter-output>
        </test-method> <!-- tearDownTest -->
        <test-method status="PASS" signature="tearDownTest(org.testng.ITestResult)[pri:0, instance:com.testautomation.TestRunner.TestRunnerUI@11a9e7c8]" name="tearDownTest" is-config="true" duration-ms="1" started-at="2020-08-04T21:45:37Z" finished-at="2020-08-04T21:45:37Z">
          <params>
            <param index="0">
              <value>
                <![CDATA[[TestResult name=main_method status=SUCCESS method=TestRunnerUI.main_method(java.lang.String, java.lang.String, java.lang.String, java.lang.String, java.lang.String, java.lang.String)[pri:0, instance:com.testautomation.TestRunner.TestRunnerUI@11a9e7c8] output={null}]]]>
              </value>
            </param>
          </params>
          <reporter-output>
          </reporter-output>
        </test-method> <!-- tearDownTest -->
        <test-method status="PASS" signature="tearDownTest(org.testng.ITestResult)[pri:0, instance:com.testautomation.TestRunner.TestRunnerUI@11a9e7c8]" name="tearDownTest" is-config="true" duration-ms="0" started-at="2020-08-04T21:45:37Z" finished-at="2020-08-04T21:45:37Z">
          <params>
            <param index="0">
              <value>
                <![CDATA[[TestResult name=main_method status=SUCCESS method=TestRunnerUI.main_method(java.lang.String, java.lang.String, java.lang.String, java.lang.String, java.lang.String, java.lang.String)[pri:0, instance:com.testautomation.TestRunner.TestRunnerUI@11a9e7c8] output={null}]]]>
              </value>
            </param>
          </params>
          <reporter-output>
          </reporter-output>
        </test-method> <!-- tearDownTest -->
        <test-method status="PASS" signature="main_method(java.lang.String, java.lang.String, java.lang.String, java.lang.String, java.lang.String, java.lang.String)[pri:0, instance:com.testautomation.TestRunner.TestRunnerUI@11a9e7c8]" name="main_method" duration-ms="0" started-at="2020-08-04T21:45:37Z" data-provider="testcasesList" finished-at="2020-08-04T21:45:37Z">
          <params>
            <param index="0">
              <value>
                <![CDATA[Login for TestID]]>
              </value>
            </param>
            <param index="1">
              <value>
                <![CDATA[10]]>
              </value>
            </param>
            <param index="2">
              <value>
                <![CDATA[N]]>
              </value>
            </param>
            <param index="3">
              <value>
                <![CDATA[Chrome]]>
              </value>
            </param>
            <param index="4">
              <value>
                <![CDATA[slave1]]>
              </value>
            </param>
            <param index="5">
              <value>
                <![CDATA[XM]]>
              </value>
            </param>
          </params>
          <reporter-output>
          </reporter-output>
        </test-method> <!-- main_method -->
        <test-method status="PASS" signature="tearDownClass()[pri:0, instance:com.testautomation.TestRunner.TestRunnerUI@11a9e7c8]" name="tearDownClass" is-config="true" duration-ms="3" started-at="2020-08-04T21:45:37Z" finished-at="2020-08-04T21:45:37Z">
          <reporter-output>
          </reporter-output>
        </test-method> <!-- tearDownClass -->
        <test-method status="PASS" signature="tearDownDocker()[pri:0, instance:com.testautomation.TestRunner.TestRunnerUI@11a9e7c8]" name="tearDownDocker" is-config="true" duration-ms="5009" started-at="2020-08-04T21:45:37Z" finished-at="2020-08-04T21:45:42Z">
          <reporter-output>
          </reporter-output>
        </test-method> <!-- tearDownDocker -->
      </class> <!-- com.testautomation.TestRunner.TestRunnerUI -->
    </test> <!-- Test -->
  </suite> <!-- Suite -->
</testng-results>
