<?xml version="1.0" encoding="UTF-8"?>
<testng-results skipped="0" failed="0" total="2" passed="2">
  <reporter-output>
  </reporter-output>
  <suite name="Suite" duration-ms="31240" started-at="2020-07-19T08:15:57Z" finished-at="2020-07-19T08:16:29Z">
    <groups>
    </groups>
    <test name="Test" duration-ms="31240" started-at="2020-07-19T08:15:57Z" finished-at="2020-07-19T08:16:29Z">
      <class name="com.testautomation.TestRunner.TestRunnerMobile">
        <test-method status="PASS" signature="beforeSetup()[pri:0, instance:com.testautomation.TestRunner.TestRunnerMobile@43301423]" name="beforeSetup" is-config="true" duration-ms="107" started-at="2020-07-19T13:45:57Z" finished-at="2020-07-19T13:45:58Z">
          <reporter-output>
          </reporter-output>
        </test-method> <!-- beforeSetup -->
        <test-method status="PASS" signature="setUpClass()[pri:0, instance:com.testautomation.TestRunner.TestRunnerMobile@43301423]" name="setUpClass" is-config="true" duration-ms="70" started-at="2020-07-19T13:45:58Z" finished-at="2020-07-19T13:45:58Z">
          <reporter-output>
          </reporter-output>
        </test-method> <!-- setUpClass -->
        <test-method status="PASS" signature="main_method(java.lang.String, java.lang.String, java.lang.String, java.lang.String, java.lang.String, java.lang.String)[pri:0, instance:com.testautomation.TestRunner.TestRunnerMobile@43301423]" name="main_method" duration-ms="4" started-at="2020-07-19T13:45:58Z" data-provider="testcasesList" finished-at="2020-07-19T13:45:58Z">
          <params>
            <param index="0">
              <value>
                <![CDATA[TC_001_Calculator_Automation]]>
              </value>
            </param>
            <param index="1">
              <value>
                <![CDATA[1]]>
              </value>
            </param>
            <param index="2">
              <value>
                <![CDATA[N]]>
              </value>
            </param>
            <param index="3">
              <value>
                <![CDATA[Android]]>
              </value>
            </param>
            <param index="4">
              <value>
                <![CDATA[8.1]]>
              </value>
            </param>
            <param index="5">
              <value>
                <![CDATA[Android Emulator]]>
              </value>
            </param>
          </params>
          <reporter-output>
          </reporter-output>
        </test-method> <!-- main_method -->
        <test-method status="PASS" signature="main_method(java.lang.String, java.lang.String, java.lang.String, java.lang.String, java.lang.String, java.lang.String)[pri:0, instance:com.testautomation.TestRunner.TestRunnerMobile@43301423]" name="main_method" duration-ms="30078" started-at="2020-07-19T13:45:58Z" data-provider="testcasesList" finished-at="2020-07-19T13:46:28Z">
          <params>
            <param index="0">
              <value>
                <![CDATA[TC_002_Dial_Mobile_Number]]>
              </value>
            </param>
            <param index="1">
              <value>
                <![CDATA[1]]>
              </value>
            </param>
            <param index="2">
              <value>
                <![CDATA[Y]]>
              </value>
            </param>
            <param index="3">
              <value>
                <![CDATA[Android]]>
              </value>
            </param>
            <param index="4">
              <value>
                <![CDATA[8.1]]>
              </value>
            </param>
            <param index="5">
              <value>
                <![CDATA[Android Emulator]]>
              </value>
            </param>
          </params>
          <reporter-output>
          </reporter-output>
        </test-method> <!-- main_method -->
        <test-method status="PASS" signature="tearDownTest(org.testng.ITestResult)[pri:0, instance:com.testautomation.TestRunner.TestRunnerMobile@43301423]" name="tearDownTest" is-config="true" duration-ms="0" started-at="2020-07-19T13:45:58Z" finished-at="2020-07-19T13:45:58Z">
          <params>
            <param index="0">
              <value>
                <![CDATA[[TestResult name=main_method status=SUCCESS method=TestRunnerMobile.main_method(java.lang.String, java.lang.String, java.lang.String, java.lang.String, java.lang.String, java.lang.String)[pri:0, instance:com.testautomation.TestRunner.TestRunnerMobile@43301423] output={null}]]]>
              </value>
            </param>
          </params>
          <reporter-output>
          </reporter-output>
        </test-method> <!-- tearDownTest -->
        <test-method status="PASS" signature="tearDownTest(org.testng.ITestResult)[pri:0, instance:com.testautomation.TestRunner.TestRunnerMobile@43301423]" name="tearDownTest" is-config="true" duration-ms="504" started-at="2020-07-19T13:46:28Z" finished-at="2020-07-19T13:46:29Z">
          <params>
            <param index="0">
              <value>
                <![CDATA[[TestResult name=main_method status=SUCCESS method=TestRunnerMobile.main_method(java.lang.String, java.lang.String, java.lang.String, java.lang.String, java.lang.String, java.lang.String)[pri:0, instance:com.testautomation.TestRunner.TestRunnerMobile@43301423] output={null}]]]>
              </value>
            </param>
          </params>
          <reporter-output>
          </reporter-output>
        </test-method> <!-- tearDownTest -->
        <test-method status="PASS" signature="tearDownClass()[pri:0, instance:com.testautomation.TestRunner.TestRunnerMobile@43301423]" name="tearDownClass" is-config="true" duration-ms="13" started-at="2020-07-19T13:46:29Z" finished-at="2020-07-19T13:46:29Z">
          <reporter-output>
          </reporter-output>
        </test-method> <!-- tearDownClass -->
      </class> <!-- com.testautomation.TestRunner.TestRunnerMobile -->
    </test> <!-- Test -->
  </suite> <!-- Suite -->
</testng-results>
