<?xml version="1.0" encoding="UTF-8"?>
<testng-results skipped="0" failed="0" total="4" passed="4">
  <reporter-output>
  </reporter-output>
  <suite name="Suite" duration-ms="58295" started-at="2020-07-25T09:30:10Z" finished-at="2020-07-25T09:31:08Z">
    <groups>
    </groups>
    <test name="Test" duration-ms="58295" started-at="2020-07-25T09:30:10Z" finished-at="2020-07-25T09:31:08Z">
      <class name="com.testautomation.TestRunner.TestRunnerMobile">
        <test-method status="PASS" signature="beforeSetup()[pri:0, instance:com.testautomation.TestRunner.TestRunnerMobile@43301423]" name="beforeSetup" is-config="true" duration-ms="253" started-at="2020-07-25T15:00:10Z" finished-at="2020-07-25T15:00:10Z">
          <reporter-output>
          </reporter-output>
        </test-method> <!-- beforeSetup -->
        <test-method status="PASS" signature="setUpClass()[pri:0, instance:com.testautomation.TestRunner.TestRunnerMobile@43301423]" name="setUpClass" is-config="true" duration-ms="178" started-at="2020-07-25T15:00:10Z" finished-at="2020-07-25T15:00:10Z">
          <reporter-output>
          </reporter-output>
        </test-method> <!-- setUpClass -->
        <test-method status="PASS" signature="main_method(java.lang.String, java.lang.String, java.lang.String, java.lang.String, java.lang.String, java.lang.String)[pri:0, instance:com.testautomation.TestRunner.TestRunnerMobile@43301423]" name="main_method" duration-ms="9" started-at="2020-07-25T15:00:11Z" data-provider="testcasesList" finished-at="2020-07-25T15:00:11Z">
          <params>
            <param index="0">
              <value>
                <![CDATA[TC_001_Calculator_Automation]]>
              </value>
            </param>
            <param index="1">
              <value>
                <![CDATA[1]]>
              </value>
            </param>
            <param index="2">
              <value>
                <![CDATA[N]]>
              </value>
            </param>
            <param index="3">
              <value>
                <![CDATA[Android]]>
              </value>
            </param>
            <param index="4">
              <value>
                <![CDATA[8.1]]>
              </value>
            </param>
            <param index="5">
              <value>
                <![CDATA[Android Emulator]]>
              </value>
            </param>
          </params>
          <reporter-output>
          </reporter-output>
        </test-method> <!-- main_method -->
        <test-method status="PASS" signature="tearDownTest(org.testng.ITestResult)[pri:0, instance:com.testautomation.TestRunner.TestRunnerMobile@43301423]" name="tearDownTest" is-config="true" duration-ms="3" started-at="2020-07-25T15:00:11Z" finished-at="2020-07-25T15:00:11Z">
          <params>
            <param index="0">
              <value>
                <![CDATA[[TestResult name=main_method status=SUCCESS method=TestRunnerMobile.main_method(java.lang.String, java.lang.String, java.lang.String, java.lang.String, java.lang.String, java.lang.String)[pri:0, instance:com.testautomation.TestRunner.TestRunnerMobile@43301423] output={null}]]]>
              </value>
            </param>
          </params>
          <reporter-output>
          </reporter-output>
        </test-method> <!-- tearDownTest -->
        <test-method status="PASS" signature="main_method(java.lang.String, java.lang.String, java.lang.String, java.lang.String, java.lang.String, java.lang.String)[pri:0, instance:com.testautomation.TestRunner.TestRunnerMobile@43301423]" name="main_method" duration-ms="2" started-at="2020-07-25T15:00:11Z" data-provider="testcasesList" finished-at="2020-07-25T15:00:11Z">
          <params>
            <param index="0">
              <value>
                <![CDATA[TC_002_Dial_Mobile_Number]]>
              </value>
            </param>
            <param index="1">
              <value>
                <![CDATA[1]]>
              </value>
            </param>
            <param index="2">
              <value>
                <![CDATA[N]]>
              </value>
            </param>
            <param index="3">
              <value>
                <![CDATA[Android]]>
              </value>
            </param>
            <param index="4">
              <value>
                <![CDATA[8.1]]>
              </value>
            </param>
            <param index="5">
              <value>
                <![CDATA[Android Emulator]]>
              </value>
            </param>
          </params>
          <reporter-output>
          </reporter-output>
        </test-method> <!-- main_method -->
        <test-method status="PASS" signature="tearDownTest(org.testng.ITestResult)[pri:0, instance:com.testautomation.TestRunner.TestRunnerMobile@43301423]" name="tearDownTest" is-config="true" duration-ms="0" started-at="2020-07-25T15:00:11Z" finished-at="2020-07-25T15:00:11Z">
          <params>
            <param index="0">
              <value>
                <![CDATA[[TestResult name=main_method status=SUCCESS method=TestRunnerMobile.main_method(java.lang.String, java.lang.String, java.lang.String, java.lang.String, java.lang.String, java.lang.String)[pri:0, instance:com.testautomation.TestRunner.TestRunnerMobile@43301423] output={null}]]]>
              </value>
            </param>
          </params>
          <reporter-output>
          </reporter-output>
        </test-method> <!-- tearDownTest -->
        <test-method status="PASS" signature="main_method(java.lang.String, java.lang.String, java.lang.String, java.lang.String, java.lang.String, java.lang.String)[pri:0, instance:com.testautomation.TestRunner.TestRunnerMobile@43301423]" name="main_method" duration-ms="2" started-at="2020-07-25T15:00:11Z" data-provider="testcasesList" finished-at="2020-07-25T15:00:11Z">
          <params>
            <param index="0">
              <value>
                <![CDATA[TC_003_Send_SMS_In_Android_Mobile]]>
              </value>
            </param>
            <param index="1">
              <value>
                <![CDATA[1]]>
              </value>
            </param>
            <param index="2">
              <value>
                <![CDATA[N]]>
              </value>
            </param>
            <param index="3">
              <value>
                <![CDATA[Android]]>
              </value>
            </param>
            <param index="4">
              <value>
                <![CDATA[8.1]]>
              </value>
            </param>
            <param index="5">
              <value>
                <![CDATA[Android Emulator]]>
              </value>
            </param>
          </params>
          <reporter-output>
          </reporter-output>
        </test-method> <!-- main_method -->
        <test-method status="PASS" signature="tearDownTest(org.testng.ITestResult)[pri:0, instance:com.testautomation.TestRunner.TestRunnerMobile@43301423]" name="tearDownTest" is-config="true" duration-ms="0" started-at="2020-07-25T15:00:11Z" finished-at="2020-07-25T15:00:11Z">
          <params>
            <param index="0">
              <value>
                <![CDATA[[TestResult name=main_method status=SUCCESS method=TestRunnerMobile.main_method(java.lang.String, java.lang.String, java.lang.String, java.lang.String, java.lang.String, java.lang.String)[pri:0, instance:com.testautomation.TestRunner.TestRunnerMobile@43301423] output={null}]]]>
              </value>
            </param>
          </params>
          <reporter-output>
          </reporter-output>
        </test-method> <!-- tearDownTest -->
        <test-method status="PASS" signature="main_method(java.lang.String, java.lang.String, java.lang.String, java.lang.String, java.lang.String, java.lang.String)[pri:0, instance:com.testautomation.TestRunner.TestRunnerMobile@43301423]" name="main_method" duration-ms="56196" started-at="2020-07-25T15:00:11Z" data-provider="testcasesList" finished-at="2020-07-25T15:01:08Z">
          <params>
            <param index="0">
              <value>
                <![CDATA[TC_004_Operation_On_API_Demos_App]]>
              </value>
            </param>
            <param index="1">
              <value>
                <![CDATA[1]]>
              </value>
            </param>
            <param index="2">
              <value>
                <![CDATA[Y]]>
              </value>
            </param>
            <param index="3">
              <value>
                <![CDATA[Android]]>
              </value>
            </param>
            <param index="4">
              <value>
                <![CDATA[8.1]]>
              </value>
            </param>
            <param index="5">
              <value>
                <![CDATA[Android Emulator]]>
              </value>
            </param>
          </params>
          <reporter-output>
          </reporter-output>
        </test-method> <!-- main_method -->
        <test-method status="PASS" signature="tearDownTest(org.testng.ITestResult)[pri:0, instance:com.testautomation.TestRunner.TestRunnerMobile@43301423]" name="tearDownTest" is-config="true" duration-ms="520" started-at="2020-07-25T15:01:08Z" finished-at="2020-07-25T15:01:08Z">
          <params>
            <param index="0">
              <value>
                <![CDATA[[TestResult name=main_method status=SUCCESS method=TestRunnerMobile.main_method(java.lang.String, java.lang.String, java.lang.String, java.lang.String, java.lang.String, java.lang.String)[pri:0, instance:com.testautomation.TestRunner.TestRunnerMobile@43301423] output={null}]]]>
              </value>
            </param>
          </params>
          <reporter-output>
          </reporter-output>
        </test-method> <!-- tearDownTest -->
        <test-method status="PASS" signature="tearDownClass()[pri:0, instance:com.testautomation.TestRunner.TestRunnerMobile@43301423]" name="tearDownClass" is-config="true" duration-ms="7" started-at="2020-07-25T15:01:08Z" finished-at="2020-07-25T15:01:08Z">
          <reporter-output>
          </reporter-output>
        </test-method> <!-- tearDownClass -->
      </class> <!-- com.testautomation.TestRunner.TestRunnerMobile -->
    </test> <!-- Test -->
  </suite> <!-- Suite -->
</testng-results>
